
================================================================
======== FXServer Starting - 24/01/2022 14:39:02                
================================================================
[    c-scripting-core] Creating script environments for _cfx_internal
[ citizen-server-impl] Scanning resources.
[ citizen-server-impl] Found 26 resources.
[          svadhesive] Authenticating server license key...
[          svadhesive] [0mServer license key authentication succeeded. Welcome!
[    c-scripting-core] [0mCreating script environments for sessionmanager
[ citizen-server-impl] [0mStarted resource sessionmanager
[    c-scripting-core] [0mCreating script environments for monitor
[      script:monitor] [txAdminClient] Version 4.11.0 starting...
[ citizen-server-impl] [0mStarted resource monitor
[    c-scripting-core] Creating script environments for mapmanager
[ citizen-server-impl] Started resource mapmanager
[    c-scripting-core] [0mCreating script environments for yarn
[ citizen-server-impl] [0mStarted resource yarn
[ citizen-server-impl] Running build tasks on resource webpack - it'll restart once completed.
[    c-resources-core] Could not start dependency webpack for resource chat.
[ citizen-server-impl] Couldn't start resource chat.
[ citizen-server-impl] Started resource spawnmanager
[   script:mapmanager] [0mStarted gametype Freeroam
[ citizen-server-impl] Started resource basic-gamemode
[    c-scripting-core] Creating script environments for hardcap
[ citizen-server-impl] Started resource hardcap
[      script:monitor] [txAdminClient] Threads and commands set up. All Ready.
[38;5;154m[   script:mapmanager] Started map fivem-map-skater
[ citizen-server-impl] Started resource fivem-map-skater
[         script:yarn] [yarn] yarn install v1.22.5
[38;5;151m[         script:yarn] 
[38;5;73m[ citizen-server-impl]         fff                          
[ citizen-server-impl]   cccc ff   xx  xx     rr rr    eee  
[ citizen-server-impl] cc     ffff   xx       rrr  r ee   e 
[ citizen-server-impl] cc     ff     xx   ... rr     eeeee  
[ citizen-server-impl]  ccccc ff   xx  xx ... rr      eeeee 
[ citizen-server-impl]                                      
[ citizen-server-impl] Authenticated with cfx.re Nucleus: https://masterfonta-l5m7r7.users.cfx.re/
[         script:yarn] [yarn] [1/4] Resolving packages...
[         script:yarn] 
[ citizen-server-impl] -- [server notice: tebex_not_set]
[ citizen-server-impl] ================
[ citizen-server-impl] Monetize your server using Tebex! Visit https://tebex.io/fivem for more info.
[ citizen-server-impl] ================
[ citizen-server-impl] 
[         script:yarn] [yarn] [2/4] Fetching packages...
[         script:yarn] 
[ citizen-server-impl] server thread hitch warning: timer interval of 153 milliseconds
[ citizen-server-impl] server thread hitch warning: timer interval of 233 milliseconds
[ citizen-server-impl] server thread hitch warning: timer interval of 187 milliseconds
[ citizen-server-impl] server thread hitch warning: timer interval of 167 milliseconds
[ citizen-server-impl] server thread hitch warning: timer interval of 382 milliseconds
[ citizen-server-impl] server thread hitch warning: timer interval of 190 milliseconds
[ citizen-server-impl] server thread hitch warning: timer interval of 303 milliseconds
[ citizen-server-impl] server thread hitch warning: timer interval of 168 milliseconds
[ citizen-server-impl] server thread hitch warning: timer interval of 191 milliseconds
[ citizen-server-impl] server thread hitch warning: timer interval of 319 milliseconds
[ citizen-server-impl] server thread hitch warning: timer interval of 176 milliseconds
[ citizen-server-impl] server thread hitch warning: timer interval of 241 milliseconds
[ citizen-server-impl] server thread hitch warning: timer interval of 160 milliseconds
[ citizen-server-impl] server thread hitch warning: timer interval of 163 milliseconds
[ citizen-server-impl] server thread hitch warning: timer interval of 204 milliseconds
[ citizen-server-impl] server thread hitch warning: timer interval of 263 milliseconds
[ citizen-server-impl] server thread hitch warning: timer interval of 190 milliseconds
[38;5;73m[ citizen-server-impl] server thread hitch warning: timer interval of 167 milliseconds
[ citizen-server-impl] server thread hitch warning: timer interval of 179 milliseconds
[ citizen-server-impl] server thread hitch warning: timer interval of 331 milliseconds
[ citizen-server-impl] server thread hitch warning: timer interval of 231 milliseconds
[ citizen-server-impl] server thread hitch warning: timer interval of 210 milliseconds
[ citizen-server-impl] server thread hitch warning: timer interval of 177 milliseconds
[ citizen-server-impl] server thread hitch warning: timer interval of 170 milliseconds
[38;5;73m[ citizen-server-impl] server thread hitch warning: timer interval of 252 milliseconds
[ citizen-server-impl] server thread hitch warning: timer interval of 164 milliseconds
[ citizen-server-impl] server thread hitch warning: timer interval of 183 milliseconds
[ citizen-server-impl] server thread hitch warning: timer interval of 160 milliseconds
[ citizen-server-impl] server thread hitch warning: timer interval of 164 milliseconds
[ citizen-server-impl] server thread hitch warning: timer interval of 162 milliseconds
[ citizen-server-impl] server thread hitch warning: timer interval of 159 milliseconds
[ citizen-server-impl] server thread hitch warning: timer interval of 233 milliseconds
[ citizen-server-impl] server thread hitch warning: timer interval of 191 milliseconds
[ citizen-server-impl] server thread hitch warning: timer interval of 217 milliseconds
[ citizen-server-impl] server thread hitch warning: timer interval of 283 milliseconds
[ citizen-server-impl] server thread hitch warning: timer interval of 224 milliseconds
[ citizen-server-impl] server thread hitch warning: timer interval of 235 milliseconds
[ citizen-server-impl] server thread hitch warning: timer interval of 180 milliseconds
[ citizen-server-impl] server thread hitch warning: timer interval of 264 milliseconds
[ citizen-server-impl] server thread hitch warning: timer interval of 161 milliseconds
[ citizen-server-impl] server thread hitch warning: timer interval of 389 milliseconds
[ citizen-server-impl] server thread hitch warning: timer interval of 162 milliseconds
[ citizen-server-impl] server thread hitch warning: timer interval of 322 milliseconds
[ citizen-server-impl] server thread hitch warning: timer interval of 387 milliseconds
[ citizen-server-impl] server thread hitch warning: timer interval of 159 milliseconds
[ citizen-server-impl] server thread hitch warning: timer interval of 190 milliseconds
[         script:yarn] [yarn] info fsevents@2.3.1: The platform "win32" is incompatible with this module.
[         script:yarn] 
[         script:yarn] [yarn] info "fsevents@2.3.1" is an optional dependency and failed compatibility check. Excluding it from installation.
[         script:yarn] 
[         script:yarn] [yarn] info fsevents@1.2.13: The platform "win32" is incompatible with this module.
[         script:yarn] info "fsevents@1.2.13" is an optional dependency and failed compatibility check. Excluding it from installation.
[         script:yarn] 
[         script:yarn] [yarn] [3/4] Linking dependencies...
[         script:yarn] 
[ citizen-server-impl] server thread hitch warning: timer interval of 371 milliseconds
[         script:yarn] [yarn] [4/4] Building fresh packages...
[         script:yarn] 
[         script:yarn] Error: [yarn] warning Ignored scripts due to flag.
[         script:yarn] 
[         script:yarn] [yarn] Done in 32.64s.
[         script:yarn] 
[38;5;73m[ citizen-server-impl] Build tasks completed - starting resource webpack.
[    c-scripting-core] Creating script environments for webpack
[ citizen-server-impl] [0mRunning build tasks on resource chat - it'll restart once completed.
[ citizen-server-impl] Started resource webpack
[ citizen-server-impl] server thread hitch warning: timer interval of 246 milliseconds
[38;5;151m[         script:yarn] [yarn] yarn install v1.22.5
[         script:yarn] 
[         script:yarn] [yarn] [1/4] Resolving packages...
[         script:yarn] 
[         script:yarn] [yarn] [2/4] Fetching packages...
[         script:yarn] 
[ citizen-server-impl] sync thread hitch warning: timer interval of 109 milliseconds
[ citizen-server-impl] sync thread hitch warning: timer interval of 109 milliseconds
[ citizen-server-impl] sync thread hitch warning: timer interval of 115 milliseconds
[ citizen-server-impl] server thread hitch warning: timer interval of 155 milliseconds
[ citizen-server-impl] sync thread hitch warning: timer interval of 115 milliseconds
[ citizen-server-impl] server thread hitch warning: timer interval of 156 milliseconds
[ citizen-server-impl] sync thread hitch warning: timer interval of 105 milliseconds
[ citizen-server-impl] server thread hitch warning: timer interval of 180 milliseconds
[ citizen-server-impl] sync thread hitch warning: timer interval of 126 milliseconds
[ citizen-server-impl] sync thread hitch warning: timer interval of 104 milliseconds
[ citizen-server-impl] sync thread hitch warning: timer interval of 117 milliseconds
[ citizen-server-impl] sync thread hitch warning: timer interval of 133 milliseconds
[ citizen-server-impl] network thread hitch warning: timer interval of 250 milliseconds
[ citizen-server-impl] server thread hitch warning: timer interval of 291 milliseconds
[ citizen-server-impl] sync thread hitch warning: timer interval of 228 milliseconds
[38;5;73m[ citizen-server-impl] server thread hitch warning: timer interval of 152 milliseconds
[ citizen-server-impl] sync thread hitch warning: timer interval of 110 milliseconds
[ citizen-server-impl] sync thread hitch warning: timer interval of 160 milliseconds
[ citizen-server-impl] server thread hitch warning: timer interval of 190 milliseconds
[ citizen-server-impl] sync thread hitch warning: timer interval of 110 milliseconds
[ citizen-server-impl] server thread hitch warning: timer interval of 186 milliseconds
[ citizen-server-impl] sync thread hitch warning: timer interval of 124 milliseconds
[ citizen-server-impl] sync thread hitch warning: timer interval of 133 milliseconds
[ citizen-server-impl] server thread hitch warning: timer interval of 206 milliseconds
[ citizen-server-impl] sync thread hitch warning: timer interval of 156 milliseconds
[ citizen-server-impl] network thread hitch warning: timer interval of 155 milliseconds
[ citizen-server-impl] server thread hitch warning: timer interval of 167 milliseconds
[ citizen-server-impl] sync thread hitch warning: timer interval of 113 milliseconds
[ citizen-server-impl] server thread hitch warning: timer interval of 213 milliseconds
[ citizen-server-impl] sync thread hitch warning: timer interval of 134 milliseconds
[ citizen-server-impl] sync thread hitch warning: timer interval of 134 milliseconds
[ citizen-server-impl] server thread hitch warning: timer interval of 166 milliseconds
[ citizen-server-impl] sync thread hitch warning: timer interval of 121 milliseconds
[ citizen-server-impl] server thread hitch warning: timer interval of 227 milliseconds
[ citizen-server-impl] sync thread hitch warning: timer interval of 171 milliseconds
[ citizen-server-impl] network thread hitch warning: timer interval of 174 milliseconds
[ citizen-server-impl] server thread hitch warning: timer interval of 159 milliseconds
[ citizen-server-impl] sync thread hitch warning: timer interval of 106 milliseconds
[ citizen-server-impl] sync thread hitch warning: timer interval of 146 milliseconds
[ citizen-server-impl] server thread hitch warning: timer interval of 196 milliseconds
[ citizen-server-impl] sync thread hitch warning: timer interval of 121 milliseconds
[ citizen-server-impl] server thread hitch warning: timer interval of 174 milliseconds
[ citizen-server-impl] sync thread hitch warning: timer interval of 102 milliseconds
[ citizen-server-impl] server thread hitch warning: timer interval of 176 milliseconds
[ citizen-server-impl] sync thread hitch warning: timer interval of 204 milliseconds
[ citizen-server-impl] network thread hitch warning: timer interval of 200 milliseconds
[ citizen-server-impl] server thread hitch warning: timer interval of 186 milliseconds
[ citizen-server-impl] sync thread hitch warning: timer interval of 117 milliseconds
[ citizen-server-impl] sync thread hitch warning: timer interval of 114 milliseconds
[ citizen-server-impl] sync thread hitch warning: timer interval of 256 milliseconds
[ citizen-server-impl] network thread hitch warning: timer interval of 258 milliseconds
[ citizen-server-impl] server thread hitch warning: timer interval of 299 milliseconds
[ citizen-server-impl] sync thread hitch warning: timer interval of 101 milliseconds
[ citizen-server-impl] sync thread hitch warning: timer interval of 101 milliseconds
[ citizen-server-impl] sync thread hitch warning: timer interval of 135 milliseconds
[ citizen-server-impl] server thread hitch warning: timer interval of 235 milliseconds
[ citizen-server-impl] sync thread hitch warning: timer interval of 171 milliseconds
[ citizen-server-impl] network thread hitch warning: timer interval of 170 milliseconds
[ citizen-server-impl] sync thread hitch warning: timer interval of 139 milliseconds
[ citizen-server-impl] sync thread hitch warning: timer interval of 108 milliseconds
[38;5;73m[ citizen-server-impl] sync thread hitch warning: timer interval of 220 milliseconds
[ citizen-server-impl] network thread hitch warning: timer interval of 229 milliseconds
[ citizen-server-impl] server thread hitch warning: timer interval of 269 milliseconds
[ citizen-server-impl] sync thread hitch warning: timer interval of 136 milliseconds
[ citizen-server-impl] server thread hitch warning: timer interval of 207 milliseconds
[ citizen-server-impl] sync thread hitch warning: timer interval of 170 milliseconds
[ citizen-server-impl] network thread hitch warning: timer interval of 183 milliseconds
[ citizen-server-impl] server thread hitch warning: timer interval of 268 milliseconds
[ citizen-server-impl] sync thread hitch warning: timer interval of 203 milliseconds
[ citizen-server-impl] network thread hitch warning: timer interval of 181 milliseconds
[ citizen-server-impl] sync thread hitch warning: timer interval of 116 milliseconds
[ citizen-server-impl] server thread hitch warning: timer interval of 182 milliseconds
[ citizen-server-impl] sync thread hitch warning: timer interval of 307 milliseconds
[ citizen-server-impl] network thread hitch warning: timer interval of 309 milliseconds
[ citizen-server-impl] server thread hitch warning: timer interval of 200 milliseconds
[ citizen-server-impl] sync thread hitch warning: timer interval of 108 milliseconds
[ citizen-server-impl] server thread hitch warning: timer interval of 246 milliseconds
[ citizen-server-impl] sync thread hitch warning: timer interval of 195 milliseconds
[ citizen-server-impl] network thread hitch warning: timer interval of 186 milliseconds
[ citizen-server-impl] server thread hitch warning: timer interval of 176 milliseconds
[ citizen-server-impl] sync thread hitch warning: timer interval of 143 milliseconds
[ citizen-server-impl] sync thread hitch warning: timer interval of 105 milliseconds
[ citizen-server-impl] network thread hitch warning: timer interval of 249 milliseconds
[ citizen-server-impl] sync thread hitch warning: timer interval of 233 milliseconds
[ citizen-server-impl] server thread hitch warning: timer interval of 236 milliseconds
[ citizen-server-impl] network thread hitch warning: timer interval of 189 milliseconds
[ citizen-server-impl] sync thread hitch warning: timer interval of 188 milliseconds
[ citizen-server-impl] server thread hitch warning: timer interval of 264 milliseconds
[ citizen-server-impl] sync thread hitch warning: timer interval of 130 milliseconds
[ citizen-server-impl] sync thread hitch warning: timer interval of 104 milliseconds
[ citizen-server-impl] sync thread hitch warning: timer interval of 143 milliseconds
[ citizen-server-impl] network thread hitch warning: timer interval of 158 milliseconds
[ citizen-server-impl] server thread hitch warning: timer interval of 185 milliseconds
[ citizen-server-impl] sync thread hitch warning: timer interval of 121 milliseconds
[ citizen-server-impl] server thread hitch warning: timer interval of 196 milliseconds
[ citizen-server-impl] sync thread hitch warning: timer interval of 130 milliseconds
[ citizen-server-impl] sync thread hitch warning: timer interval of 269 milliseconds
[ citizen-server-impl] network thread hitch warning: timer interval of 269 milliseconds
[ citizen-server-impl] server thread hitch warning: timer interval of 286 milliseconds
[ citizen-server-impl] sync thread hitch warning: timer interval of 123 milliseconds
[ citizen-server-impl] sync thread hitch warning: timer interval of 122 milliseconds
[ citizen-server-impl] sync thread hitch warning: timer interval of 114 milliseconds
[ citizen-server-impl] server thread hitch warning: timer interval of 159 milliseconds
> txaReportResources
[ citizen-server-impl] sync thread hitch warning: timer interval of 169 milliseconds
[ citizen-server-impl] network thread hitch warning: timer interval of 171 milliseconds
[ citizen-server-impl] server thread hitch warning: timer interval of 190 milliseconds
[      script:monitor] [txAdminClient] Sending resources list to txAdmin.
[ citizen-server-impl] server thread hitch warning: timer interval of 163 milliseconds
[ citizen-server-impl] sync thread hitch warning: timer interval of 130 milliseconds
[ citizen-server-impl] sync thread hitch warning: timer interval of 110 milliseconds
[ citizen-server-impl] sync thread hitch warning: timer interval of 141 milliseconds
[ citizen-server-impl] server thread hitch warning: timer interval of 157 milliseconds
[ citizen-server-impl] server thread hitch warning: timer interval of 169 milliseconds
[ citizen-server-impl] network thread hitch warning: timer interval of 161 milliseconds
[ citizen-server-impl] server thread hitch warning: timer interval of 226 milliseconds
[ citizen-server-impl] sync thread hitch warning: timer interval of 151 milliseconds
[ citizen-server-impl] network thread hitch warning: timer interval of 423 milliseconds
[ citizen-server-impl] sync thread hitch warning: timer interval of 418 milliseconds
[ citizen-server-impl] server thread hitch warning: timer interval of 443 milliseconds
[ citizen-server-impl] sync thread hitch warning: timer interval of 110 milliseconds
[ citizen-server-impl] sync thread hitch warning: timer interval of 134 milliseconds
[ citizen-server-impl] server thread hitch warning: timer interval of 170 milliseconds
[ citizen-server-impl] sync thread hitch warning: timer interval of 124 milliseconds
[ citizen-server-impl] server thread hitch warning: timer interval of 229 milliseconds
[ citizen-server-impl] sync thread hitch warning: timer interval of 114 milliseconds
[ citizen-server-impl] sync thread hitch warning: timer interval of 105 milliseconds
[ citizen-server-impl] sync thread hitch warning: timer interval of 134 milliseconds
[ citizen-server-impl] server thread hitch warning: timer interval of 183 milliseconds
[ citizen-server-impl] sync thread hitch warning: timer interval of 218 milliseconds
[ citizen-server-impl] network thread hitch warning: timer interval of 208 milliseconds
[ citizen-server-impl] server thread hitch warning: timer interval of 215 milliseconds
[ citizen-server-impl] sync thread hitch warning: timer interval of 142 milliseconds
[ citizen-server-impl] sync thread hitch warning: timer interval of 157 milliseconds
[ citizen-server-impl] network thread hitch warning: timer interval of 186 milliseconds
[ citizen-server-impl] server thread hitch warning: timer interval of 189 milliseconds
[ citizen-server-impl] sync thread hitch warning: timer interval of 129 milliseconds
[ citizen-server-impl] server thread hitch warning: timer interval of 158 milliseconds
[ citizen-server-impl] sync thread hitch warning: timer interval of 138 milliseconds
[ citizen-server-impl] server thread hitch warning: timer interval of 158 milliseconds
[ citizen-server-impl] sync thread hitch warning: timer interval of 121 milliseconds
[ citizen-server-impl] sync thread hitch warning: timer interval of 290 milliseconds
[ citizen-server-impl] network thread hitch warning: timer interval of 291 milliseconds
[ citizen-server-impl] server thread hitch warning: timer interval of 328 milliseconds
[ citizen-server-impl] sync thread hitch warning: timer interval of 150 milliseconds
[ citizen-server-impl] sync thread hitch warning: timer interval of 153 milliseconds
[ citizen-server-impl] network thread hitch warning: timer interval of 165 milliseconds
[ citizen-server-impl] server thread hitch warning: timer interval of 156 milliseconds
[ citizen-server-impl] sync thread hitch warning: timer interval of 107 milliseconds
[ citizen-server-impl] server thread hitch warning: timer interval of 158 milliseconds
[ citizen-server-impl] network thread hitch warning: timer interval of 176 milliseconds
[ citizen-server-impl] sync thread hitch warning: timer interval of 175 milliseconds
[ citizen-server-impl] server thread hitch warning: timer interval of 185 milliseconds
[ citizen-server-impl] sync thread hitch warning: timer interval of 151 milliseconds
[ citizen-server-impl] network thread hitch warning: timer interval of 154 milliseconds
[ citizen-server-impl] sync thread hitch warning: timer interval of 109 milliseconds
[ citizen-server-impl] sync thread hitch warning: timer interval of 119 milliseconds
[ citizen-server-impl] server thread hitch warning: timer interval of 199 milliseconds
[ citizen-server-impl] sync thread hitch warning: timer interval of 165 milliseconds
[ citizen-server-impl] server thread hitch warning: timer interval of 185 milliseconds
[ citizen-server-impl] sync thread hitch warning: timer interval of 106 milliseconds
[ citizen-server-impl] sync thread hitch warning: timer interval of 146 milliseconds
[ citizen-server-impl] server thread hitch warning: timer interval of 173 milliseconds
[ citizen-server-impl] network thread hitch warning: timer interval of 164 milliseconds
[ citizen-server-impl] sync thread hitch warning: timer interval of 160 milliseconds
[ citizen-server-impl] server thread hitch warning: timer interval of 162 milliseconds
[ citizen-server-impl] sync thread hitch warning: timer interval of 194 milliseconds
[ citizen-server-impl] network thread hitch warning: timer interval of 186 milliseconds
[ citizen-server-impl] server thread hitch warning: timer interval of 217 milliseconds
[ citizen-server-impl] sync thread hitch warning: timer interval of 219 milliseconds
[ citizen-server-impl] network thread hitch warning: timer interval of 256 milliseconds
[ citizen-server-impl] server thread hitch warning: timer interval of 299 milliseconds
[ citizen-server-impl] sync thread hitch warning: timer interval of 166 milliseconds
[ citizen-server-impl] sync thread hitch warning: timer interval of 307 milliseconds
[ citizen-server-impl] server thread hitch warning: timer interval of 386 milliseconds
[ citizen-server-impl] network thread hitch warning: timer interval of 341 milliseconds
[ citizen-server-impl] sync thread hitch warning: timer interval of 148 milliseconds
[ citizen-server-impl] network thread hitch warning: timer interval of 240 milliseconds
[ citizen-server-impl] server thread hitch warning: timer interval of 294 milliseconds
[ citizen-server-impl] sync thread hitch warning: timer interval of 420 milliseconds
[ citizen-server-impl] network thread hitch warning: timer interval of 270 milliseconds
[ citizen-server-impl] server thread hitch warning: timer interval of 244 milliseconds
[ citizen-server-impl] network thread hitch warning: timer interval of 161 milliseconds
[ citizen-server-impl] sync thread hitch warning: timer interval of 196 milliseconds
[ citizen-server-impl] network thread hitch warning: timer interval of 279 milliseconds
[ citizen-server-impl] server thread hitch warning: timer interval of 315 milliseconds
[ citizen-server-impl] sync thread hitch warning: timer interval of 156 milliseconds
[ citizen-server-impl] sync thread hitch warning: timer interval of 116 milliseconds
[ citizen-server-impl] network thread hitch warning: timer interval of 247 milliseconds
[ citizen-server-impl] server thread hitch warning: timer interval of 301 milliseconds
[ citizen-server-impl] sync thread hitch warning: timer interval of 244 milliseconds
[ citizen-server-impl] network thread hitch warning: timer interval of 155 milliseconds
[ citizen-server-impl] sync thread hitch warning: timer interval of 172 milliseconds
[ citizen-server-impl] server thread hitch warning: timer interval of 188 milliseconds
[ citizen-server-impl] sync thread hitch warning: timer interval of 146 milliseconds
[ citizen-server-impl] server thread hitch warning: timer interval of 179 milliseconds
[ citizen-server-impl] sync thread hitch warning: timer interval of 105 milliseconds
[ citizen-server-impl] server thread hitch warning: timer interval of 185 milliseconds
[ citizen-server-impl] sync thread hitch warning: timer interval of 108 milliseconds
[ citizen-server-impl] sync thread hitch warning: timer interval of 270 milliseconds
[ citizen-server-impl] server thread hitch warning: timer interval of 310 milliseconds
[ citizen-server-impl] network thread hitch warning: timer interval of 271 milliseconds
[ citizen-server-impl] sync thread hitch warning: timer interval of 170 milliseconds
[ citizen-server-impl] network thread hitch warning: timer interval of 169 milliseconds
[ citizen-server-impl] server thread hitch warning: timer interval of 267 milliseconds
[ citizen-server-impl] sync thread hitch warning: timer interval of 160 milliseconds
[ citizen-server-impl] network thread hitch warning: timer interval of 161 milliseconds
[ citizen-server-impl] sync thread hitch warning: timer interval of 249 milliseconds
[ citizen-server-impl] network thread hitch warning: timer interval of 250 milliseconds
[ citizen-server-impl] server thread hitch warning: timer interval of 304 milliseconds
[ citizen-server-impl] sync thread hitch warning: timer interval of 110 milliseconds
[ citizen-server-impl] [0msync thread hitch warning: timer interval of 130 milliseconds
[ citizen-server-impl] server thread hitch warning: timer interval of 154 milliseconds
[ citizen-server-impl] sync thread hitch warning: timer interval of 125 milliseconds
[ citizen-server-impl] network thread hitch warning: timer interval of 152 milliseconds
[ citizen-server-impl] server thread hitch warning: timer interval of 203 milliseconds
[ citizen-server-impl] server thread hitch warning: timer interval of 198 milliseconds
[ citizen-server-impl] sync thread hitch warning: timer interval of 153 milliseconds
[ citizen-server-impl] network thread hitch warning: timer interval of 154 milliseconds
[ citizen-server-impl] sync thread hitch warning: timer interval of 102 milliseconds
[ citizen-server-impl] sync thread hitch warning: timer interval of 199 milliseconds
[ citizen-server-impl] network thread hitch warning: timer interval of 255 milliseconds
[ citizen-server-impl] server thread hitch warning: timer interval of 285 milliseconds
[ citizen-server-impl] sync thread hitch warning: timer interval of 105 milliseconds
[ citizen-server-impl] sync thread hitch warning: timer interval of 180 milliseconds
[ citizen-server-impl] network thread hitch warning: timer interval of 181 milliseconds
[ citizen-server-impl] server thread hitch warning: timer interval of 221 milliseconds
[ citizen-server-impl] server thread hitch warning: timer interval of 167 milliseconds
[ citizen-server-impl] sync thread hitch warning: timer interval of 123 milliseconds
[ citizen-server-impl] sync thread hitch warning: timer interval of 120 milliseconds
[ citizen-server-impl] sync thread hitch warning: timer interval of 207 milliseconds
[ citizen-server-impl] server thread hitch warning: timer interval of 231 milliseconds
[ citizen-server-impl] network thread hitch warning: timer interval of 204 milliseconds
[ citizen-server-impl] sync thread hitch warning: timer interval of 116 milliseconds
[ citizen-server-impl] sync thread hitch warning: timer interval of 104 milliseconds
[ citizen-server-impl] sync thread hitch warning: timer interval of 152 milliseconds
[ citizen-server-impl] network thread hitch warning: timer interval of 155 milliseconds
[ citizen-server-impl] server thread hitch warning: timer interval of 157 milliseconds
[ citizen-server-impl] sync thread hitch warning: timer interval of 109 milliseconds
[ citizen-server-impl] sync thread hitch warning: timer interval of 113 milliseconds
[ citizen-server-impl] sync thread hitch warning: timer interval of 142 milliseconds
[ citizen-server-impl] sync thread hitch warning: timer interval of 107 milliseconds
[ citizen-server-impl] sync thread hitch warning: timer interval of 154 milliseconds
[ citizen-server-impl] network thread hitch warning: timer interval of 167 milliseconds
[ citizen-server-impl] server thread hitch warning: timer interval of 180 milliseconds
[ citizen-server-impl] sync thread hitch warning: timer interval of 155 milliseconds
[ citizen-server-impl] network thread hitch warning: timer interval of 155 milliseconds
[ citizen-server-impl] server thread hitch warning: timer interval of 189 milliseconds
[ citizen-server-impl] sync thread hitch warning: timer interval of 126 milliseconds
[ citizen-server-impl] sync thread hitch warning: timer interval of 109 milliseconds
[ citizen-server-impl] server thread hitch warning: timer interval of 161 milliseconds
[ citizen-server-impl] sync thread hitch warning: timer interval of 125 milliseconds
[ citizen-server-impl] server thread hitch warning: timer interval of 163 milliseconds
[ citizen-server-impl] sync thread hitch warning: timer interval of 167 milliseconds
[ citizen-server-impl] network thread hitch warning: timer interval of 153 milliseconds
[ citizen-server-impl] sync thread hitch warning: timer interval of 133 milliseconds
[ citizen-server-impl] sync thread hitch warning: timer interval of 115 milliseconds
[ citizen-server-impl] server thread hitch warning: timer interval of 165 milliseconds
[ citizen-server-impl] sync thread hitch warning: timer interval of 105 milliseconds
[ citizen-server-impl] sync thread hitch warning: timer interval of 138 milliseconds
[ citizen-server-impl] server thread hitch warning: timer interval of 165 milliseconds
[ citizen-server-impl] sync thread hitch warning: timer interval of 114 milliseconds
[ citizen-server-impl] server thread hitch warning: timer interval of 153 milliseconds
[ citizen-server-impl] sync thread hitch warning: timer interval of 123 milliseconds
[ citizen-server-impl] server thread hitch warning: timer interval of 172 milliseconds
[ citizen-server-impl] sync thread hitch warning: timer interval of 120 milliseconds
[ citizen-server-impl] server thread hitch warning: timer interval of 174 milliseconds
[ citizen-server-impl] sync thread hitch warning: timer interval of 106 milliseconds
[ citizen-server-impl] sync thread hitch warning: timer interval of 180 milliseconds
[ citizen-server-impl] network thread hitch warning: timer interval of 185 milliseconds
[ citizen-server-impl] server thread hitch warning: timer interval of 185 milliseconds
[ citizen-server-impl] sync thread hitch warning: timer interval of 246 milliseconds
[ citizen-server-impl] network thread hitch warning: timer interval of 247 milliseconds
[ citizen-server-impl] server thread hitch warning: timer interval of 290 milliseconds
[ citizen-server-impl] sync thread hitch warning: timer interval of 136 milliseconds
[ citizen-server-impl] server thread hitch warning: timer interval of 181 milliseconds
[ citizen-server-impl] sync thread hitch warning: timer interval of 160 milliseconds
[ citizen-server-impl] network thread hitch warning: timer interval of 160 milliseconds
[ citizen-server-impl] sync thread hitch warning: timer interval of 111 milliseconds
[ citizen-server-impl] server thread hitch warning: timer interval of 203 milliseconds
[ citizen-server-impl] sync thread hitch warning: timer interval of 120 milliseconds
[ citizen-server-impl] sync thread hitch warning: timer interval of 109 milliseconds
[ citizen-server-impl] server thread hitch warning: timer interval of 214 milliseconds
[ citizen-server-impl] sync thread hitch warning: timer interval of 161 milliseconds
[ citizen-server-impl] network thread hitch warning: timer interval of 160 milliseconds
[ citizen-server-impl] sync thread hitch warning: timer interval of 106 milliseconds
[ citizen-server-impl] sync thread hitch warning: timer interval of 108 milliseconds
[ citizen-server-impl] sync thread hitch warning: timer interval of 202 milliseconds
[ citizen-server-impl] network thread hitch warning: timer interval of 201 milliseconds
[ citizen-server-impl] server thread hitch warning: timer interval of 206 milliseconds
[ citizen-server-impl] server thread hitch warning: timer interval of 179 milliseconds
[ citizen-server-impl] sync thread hitch warning: timer interval of 133 milliseconds
[ citizen-server-impl] sync thread hitch warning: timer interval of 104 milliseconds
[ citizen-server-impl] server thread hitch warning: timer interval of 162 milliseconds
[ citizen-server-impl] sync thread hitch warning: timer interval of 116 milliseconds
[ citizen-server-impl] server thread hitch warning: timer interval of 204 milliseconds
[ citizen-server-impl] sync thread hitch warning: timer interval of 127 milliseconds
[ citizen-server-impl] sync thread hitch warning: timer interval of 116 milliseconds
[ citizen-server-impl] sync thread hitch warning: timer interval of 101 milliseconds
[ citizen-server-impl] sync thread hitch warning: timer interval of 118 milliseconds
[ citizen-server-impl] sync thread hitch warning: timer interval of 130 milliseconds
[ citizen-server-impl] server thread hitch warning: timer interval of 154 milliseconds
[ citizen-server-impl] server thread hitch warning: timer interval of 165 milliseconds
[ citizen-server-impl] sync thread hitch warning: timer interval of 109 milliseconds
[ citizen-server-impl] sync thread hitch warning: timer interval of 124 milliseconds
[ citizen-server-impl] server thread hitch warning: timer interval of 161 milliseconds
[ citizen-server-impl] sync thread hitch warning: timer interval of 102 milliseconds
[ citizen-server-impl] server thread hitch warning: timer interval of 165 milliseconds
[ citizen-server-impl] sync thread hitch warning: timer interval of 139 milliseconds
[ citizen-server-impl] server thread hitch warning: timer interval of 154 milliseconds
[ citizen-server-impl] sync thread hitch warning: timer interval of 260 milliseconds
[ citizen-server-impl] network thread hitch warning: timer interval of 270 milliseconds
[ citizen-server-impl] server thread hitch warning: timer interval of 281 milliseconds
[ citizen-server-impl] server thread hitch warning: timer interval of 295 milliseconds
[ citizen-server-impl] network thread hitch warning: timer interval of 255 milliseconds
[ citizen-server-impl] sync thread hitch warning: timer interval of 232 milliseconds
[ citizen-server-impl] server thread hitch warning: timer interval of 314 milliseconds
[ citizen-server-impl] sync thread hitch warning: timer interval of 251 milliseconds
[ citizen-server-impl] network thread hitch warning: timer interval of 266 milliseconds
[ citizen-server-impl] server thread hitch warning: timer interval of 158 milliseconds
[ citizen-server-impl] sync thread hitch warning: timer interval of 206 milliseconds
[ citizen-server-impl] network thread hitch warning: timer interval of 207 milliseconds
[ citizen-server-impl] server thread hitch warning: timer interval of 238 milliseconds
[ citizen-server-impl] sync thread hitch warning: timer interval of 135 milliseconds
[ citizen-server-impl] network thread hitch warning: timer interval of 215 milliseconds
[ citizen-server-impl] server thread hitch warning: timer interval of 235 milliseconds
[ citizen-server-impl] sync thread hitch warning: timer interval of 146 milliseconds
> quit "Server shutting down (masterfonta)."
[ citizen-server-impl] sync thread hitch warning: timer interval of 102 milliseconds
[ citizen-server-impl] server thread hitch warning: timer interval of 161 milliseconds
[ citizen-server-main] -> Quitting: Server shutting down (masterfonta).

================================================================
======== FXServer Starting - 24/01/2022 14:40:41                
================================================================
[    c-scripting-core] Creating script environments for _cfx_internal
[ citizen-server-impl] Scanning resources.
[ citizen-server-impl] Found 26 resources.[0m
[          svadhesive] Authenticating server license key...
[          svadhesive] Server license key authentication succeeded. Welcome!
[    c-scripting-core] Creating script environments for sessionmanager
[ citizen-server-impl] Started resource sessionmanager
[38;5;161m[    c-scripting-core] Creating script environments for monitor
[      script:monitor] [txAdminClient] Version 4.11.0 starting...
[ citizen-server-impl] Started resource monitor
[38;5;161m[    c-scripting-core] Creating script environments for mapmanager
[ citizen-server-impl] Started resource mapmanager
[38;5;161m[    c-scripting-core] Creating script environments for yarn
[ citizen-server-impl] Started resource yarn
[38;5;161m[    c-scripting-core] Creating script environments for webpack
[ citizen-server-impl] Started resource webpack
[ citizen-server-impl] Running build tasks on resource chat - it'll restart once completed.
[ citizen-server-impl] Couldn't start resource chat.
[ citizen-server-impl] Started resource spawnmanager
[38;5;154m[   script:mapmanager] Started gametype Freeroam
[ citizen-server-impl] Started resource basic-gamemode
[    c-scripting-core] Creating script environments for hardcap
[ citizen-server-impl] [0mStarted resource hardcap
[      script:monitor] [txAdminClient] Threads and commands set up. All Ready.
[   script:mapmanager] Started map fivem-map-hipster
[ citizen-server-impl] Started resource fivem-map-hipster
[         script:yarn] [yarn] yarn install v1.22.5
[         script:yarn] 
[         script:yarn] [yarn] [1/4] Resolving packages...
[         script:yarn] 
[ citizen-server-impl]         fff                          
[ citizen-server-impl]   cccc ff   xx  xx     rr rr    eee  
[ citizen-server-impl] cc     ffff   xx       rrr  r ee   e 
[ citizen-server-impl] cc     ff     xx   ... rr     eeeee  
[ citizen-server-impl]  ccccc ff   xx  xx ... rr      eeeee 
[ citizen-server-impl]                                      
[ citizen-server-impl] Authenticated with cfx.re Nucleus: https://masterfonta-l5m7r7.users.cfx.re/
[         script:yarn] [yarn] [2/4] Fetching packages...
[         script:yarn] 
[38;5;73m[ citizen-server-impl] -- [server notice: tebex_not_set]
[ citizen-server-impl] ================
[ citizen-server-impl] Monetize your server using Tebex! Visit https://tebex.io/fivem for more info.
[ citizen-server-impl] ================
[ citizen-server-impl] 
[ citizen-server-impl] server thread hitch warning: timer interval of 213 milliseconds
[ citizen-server-impl] server thread hitch warning: timer interval of 152 milliseconds
[ citizen-server-impl] server thread hitch warning: timer interval of 164 milliseconds
[ citizen-server-impl] server thread hitch warning: timer interval of 182 milliseconds
[ citizen-server-impl] network thread hitch warning: timer interval of 210 milliseconds
[ citizen-server-impl] server thread hitch warning: timer interval of 161 milliseconds
[ citizen-server-impl] network thread hitch warning: timer interval of 154 milliseconds
[ citizen-server-impl] server thread hitch warning: timer interval of 241 milliseconds
[ citizen-server-impl] server thread hitch warning: timer interval of 157 milliseconds
[ citizen-server-impl] network thread hitch warning: timer interval of 337 milliseconds
[ citizen-server-impl] server thread hitch warning: timer interval of 311 milliseconds
[ citizen-server-impl] network thread hitch warning: timer interval of 174 milliseconds
[ citizen-server-impl] server thread hitch warning: timer interval of 215 milliseconds
[ citizen-server-impl] network thread hitch warning: timer interval of 181 milliseconds
[ citizen-server-impl] server thread hitch warning: timer interval of 250 milliseconds
[ citizen-server-impl] network thread hitch warning: timer interval of 233 milliseconds
[ citizen-server-impl] server thread hitch warning: timer interval of 170 milliseconds
[ citizen-server-impl] server thread hitch warning: timer interval of 168 milliseconds
[         script:yarn] [yarn] info fsevents@1.2.11: The platform "win32" is incompatible with this module.
[         script:yarn] info "fsevents@1.2.11" is an optional dependency and failed compatibility check. Excluding it from installation.
[         script:yarn] [3/4] Linking dependencies...
[         script:yarn] 
[38;5;151m[         script:yarn] [yarn] [4/4] Building fresh packages...
[         script:yarn] 
[         script:yarn] Error: [yarn] warning Ignored scripts due to flag.
[         script:yarn] 
[         script:yarn] [yarn] Done in 30.94s.
[         script:yarn] 
[      script:webpack] chat: started building webpack.config.js
[ citizen-server-impl] [0mserver thread hitch warning: timer interval of 9303 milliseconds
[ citizen-server-impl] sync thread hitch warning: timer interval of 113 milliseconds
[38;5;73m[ citizen-server-impl] server thread hitch warning: timer interval of 151 milliseconds
[ citizen-server-impl] sync thread hitch warning: timer interval of 106 milliseconds
[ citizen-server-impl] sync thread hitch warning: timer interval of 117 milliseconds
[ citizen-server-impl] server thread hitch warning: timer interval of 168 milliseconds
[ citizen-server-impl] sync thread hitch warning: timer interval of 113 milliseconds
[      script:webpack] chat: built webpack.config.js
[ citizen-server-impl] Build tasks completed - starting resource chat.
[ citizen-server-impl] Running build tasks on resource chat - it'll restart once completed.
[      script:webpack] chat: started building webpack.config.js
> profile record 500
[              cmdsys] No such command profile.
[      script:webpack] chat: built webpack.config.js
[ citizen-server-impl] Build tasks completed - starting resource chat.
[    c-scripting-core] Creating script environments for chat
[38;5;73m[ citizen-server-impl] Started resource chat
[ citizen-server-impl] sync thread hitch warning: timer interval of 110 milliseconds
[ citizen-server-impl] sync thread hitch warning: timer interval of 132 milliseconds
> profiler record 500
[                 cmd] Started recording
[                 cmd] Stopped the recording
[ citizen-server-impl] sync thread hitch warning: timer interval of 116 milliseconds
[ citizen-server-impl] sync thread hitch warning: timer interval of 119 milliseconds
> profile view
[              cmdsys] No such command profile.
[ citizen-server-impl] sync thread hitch warning: timer interval of 114 milliseconds
[ citizen-server-impl] sync thread hitch warning: timer interval of 103 milliseconds
[ citizen-server-impl] server thread hitch warning: timer interval of 183 milliseconds
[ citizen-server-impl] sync thread hitch warning: timer interval of 139 milliseconds
> profiler view
[                 cmd] Building profile results
[            profiler] You can view the recorded profile data at https://frontend.chrome-dev.tools/serve_rev/@901bcc219d9204748f9c256ceca0f2cd68061006/inspector.html?loadTimelineFromURL=https://masterfonta-l5m7r7.users.cfx.re/profileData.json in Chrome (or compatible).
> txaReportResources
[      script:monitor] [txAdminClient] Sending resources list to txAdmin.
[ citizen-server-impl] server thread hitch warning: timer interval of 157 milliseconds
[ citizen-server-impl] sync thread hitch warning: timer interval of 105 milliseconds
[ citizen-server-impl] sync thread hitch warning: timer interval of 114 milliseconds
[ citizen-server-impl] sync thread hitch warning: timer interval of 125 milliseconds
[ citizen-server-impl] server thread hitch warning: timer interval of 162 milliseconds
[ citizen-server-impl] server thread hitch warning: timer interval of 195 milliseconds
[ citizen-server-impl] sync thread hitch warning: timer interval of 196 milliseconds
[ citizen-server-impl] network thread hitch warning: timer interval of 197 milliseconds
[ citizen-server-impl] network thread hitch warning: timer interval of 174 milliseconds
[ citizen-server-impl] sync thread hitch warning: timer interval of 165 milliseconds
[ citizen-server-impl] server thread hitch warning: timer interval of 193 milliseconds
[ citizen-server-impl] sync thread hitch warning: timer interval of 121 milliseconds
[ citizen-server-impl] server thread hitch warning: timer interval of 151 milliseconds
[ citizen-server-impl] sync thread hitch warning: timer interval of 111 milliseconds
[ citizen-server-impl] sync thread hitch warning: timer interval of 108 milliseconds
> quit "Server restarting (masterfonta)."
[ citizen-server-main] -> Quitting: Server restarting (masterfonta).

================================================================
======== FXServer Starting - 24/01/2022 14:53:07                
================================================================
[    c-scripting-core] Creating script environments for _cfx_internal
[ citizen-server-impl] Scanning resources.
[ citizen-server-impl] Found 21 resources.
[          svadhesive] Authenticating server license key...
[38;5;66m[          svadhesive] Server license key authentication succeeded. Welcome!
[    c-scripting-core] [0mCreating script environments for sessionmanager
[ citizen-server-impl] Started resource sessionmanager
[    c-scripting-core] Creating script environments for monitor
[      script:monitor] [txAdminClient][97m Version 4.11.0 starting...
[ citizen-server-impl] Started resource monitor
[    c-scripting-core] Creating script environments for mapmanager
[ citizen-server-impl] Started resource mapmanager
[    c-scripting-core] Creating script environments for yarn
[ citizen-server-impl] Started resource yarn
[    c-scripting-core] Creating script environments for webpack
[38;5;73m[ citizen-server-impl] Started resource webpack
[ citizen-server-impl] Running build tasks on resource chat - it'll restart once completed.
[      script:webpack] chat: started building webpack.config.js
[ citizen-server-impl] Couldn't start resource chat.
[   script:mapmanager] Started gametype Freeroam
[ citizen-server-impl] Started resource basic-gamemode
[38;5;73m[ citizen-server-impl] Started resource fivem
[ citizen-server-impl] Couldn't find resource exemple-loadscreen.
[ citizen-server-impl] Started resource spawnmanager
[    c-scripting-core] Creating script environments for hardcap
[38;5;73m[ citizen-server-impl] Started resource hardcap
[    c-scripting-core] Creating script environments for runcode
[38;5;73m[ citizen-server-impl] Started resource runcode
[    c-scripting-core] Creating script environments for rconlog
[38;5;73m[ citizen-server-impl] Started resource rconlog
[38;5;154m[   script:mapmanager] Started map fivem-map-hipster
[ citizen-server-impl] Started resource fivem-map-hipster
[   script:mapmanager] Changing map from fivem-map-hipster to fivem-map-skater
[ citizen-server-impl] Stopping resource fivem-map-hipster
[   script:mapmanager] Started map fivem-map-skater
[ citizen-server-impl] Started resource fivem-map-skater
[           resources] Warning: Resource redm-map-one does not support the current game (gta5).
[           resources] Couldn't start resource redm-map-one.
[      script:monitor] [txAdminClient] Threads and commands set up. All Ready.
[ citizen-server-impl]         fff                          
[ citizen-server-impl]   cccc ff   xx  xx     rr rr    eee  
[ citizen-server-impl] cc     ffff   xx       rrr  r ee   e 
[ citizen-server-impl] cc     ff     xx   ... rr     eeeee  
[ citizen-server-impl]  ccccc ff   xx  xx ... rr      eeeee 
[ citizen-server-impl]                                      
[ citizen-server-impl] Authenticated with cfx.re Nucleus: https://masterfonta-l5m7r7.users.cfx.re/
[ citizen-server-impl] -- [server notice: tebex_not_set]
[ citizen-server-impl] ================
[ citizen-server-impl] Monetize your server using Tebex! Visit https://tebex.io/fivem for more info.
[ citizen-server-impl] ================
[ citizen-server-impl] 
[      script:webpack] chat: built webpack.config.js
[ citizen-server-impl] Build tasks completed - starting resource chat.
[    c-scripting-core] Creating script environments for chat
[ citizen-server-impl] Started resource chat
> txaReportResources
[      script:monitor] [txAdminClient][97m Sending resources list to txAdmin.
> quit "Server restarting (masterfonta)."
[ citizen-server-main] -> Quitting: Server restarting (masterfonta).

================================================================
======== FXServer Starting - 24/01/2022 14:54:48                
================================================================
[    c-scripting-core] Creating script environments for _cfx_internal
[ citizen-server-impl] Scanning resources.
[ citizen-server-impl] Found 21 resources.
[          svadhesive] Authenticating server license key...
[          svadhesive] Server license key authentication succeeded. Welcome!
[    c-scripting-core] Creating script environments for sessionmanager
[ citizen-server-impl] Started resource sessionmanager
[    c-scripting-core] Creating script environments for monitor
[      script:monitor] [txAdminClient] Version 4.11.0 starting...
[ citizen-server-impl] Started resource monitor
[    c-scripting-core] Creating script environments for mapmanager
[ citizen-server-impl] Started resource mapmanager
[    c-scripting-core] Creating script environments for yarn
[ citizen-server-impl] Started resource yarn
[38;5;161m[    c-scripting-core] Creating script environments for webpack
[ citizen-server-impl] Started resource webpack
[38;5;161m[    c-scripting-core] Creating script environments for chat
[ citizen-server-impl] Started resource chat
[   script:mapmanager] Started gametype Freeroam
[ citizen-server-impl] Started resource basic-gamemode
[ citizen-server-impl] Started resource fivem
[ citizen-server-impl] Couldn't find resource exemple-loadscreen.
[ citizen-server-impl] Started resource spawnmanager
[    c-scripting-core] [0mCreating script environments for hardcap
[ citizen-server-impl] Started resource hardcap
[    c-scripting-core] Creating script environments for runcode
[ citizen-server-impl] Started resource runcode
[    c-scripting-core] Creating script environments for rconlog
[38;5;73m[ citizen-server-impl] Started resource rconlog
[   script:mapmanager] Started map fivem-map-hipster
[38;5;73m[ citizen-server-impl] Started resource fivem-map-hipster
[   script:mapmanager] Changing map from fivem-map-hipster to fivem-map-skater
[ citizen-server-impl] Stopping resource fivem-map-hipster
[   script:mapmanager] Started map fivem-map-skater
[ citizen-server-impl] Started resource fivem-map-skater
[      script:monitor] [txAdminClient] Threads and commands set up. All Ready.
[ citizen-server-impl]         fff                          
[ citizen-server-impl]   cccc ff   xx  xx     rr rr    eee  
[ citizen-server-impl] cc     ffff   xx       rrr  r ee   e 
[ citizen-server-impl] cc     ff     xx   ... rr     eeeee  
[ citizen-server-impl]  ccccc ff   xx  xx ... rr      eeeee 
[ citizen-server-impl]                                      
[ citizen-server-impl] Authenticated with cfx.re Nucleus: https://masterfonta-l5m7r7.users.cfx.re/
[ citizen-server-impl] -- [server notice: tebex_not_set]
[ citizen-server-impl] ================
[ citizen-server-impl] Monetize your server using Tebex! Visit https://tebex.io/fivem for more info.
[ citizen-server-impl] ================
[ citizen-server-impl] 
[ citizen-server-impl] sync thread hitch warning: timer interval of 122 milliseconds
> setr "txAdmin-locale" "pt_BR"
> set "txAdmin-localeFile" "C:\Users\Cassiano Fontaine\Documents\Meu\FIVEM\FXServer\txData\locale.json"
> setr "txAdmin-verbose" "false"
> set "txAdmin-checkPlayerJoin" "true"
> set "txAdmin-menuAlignRight" "false"
> set "txAdmin-menuPageKey" "Tab"
> txaEvent "configChanged" "{}"
[ citizen-server-impl] sync thread hitch warning: timer interval of 121 milliseconds
[ citizen-server-impl] server thread hitch warning: timer interval of 158 milliseconds
[ citizen-server-impl] Server list query returned an error: System.Threading.Tasks.TaskCanceledException: The operation was canceled. <- System.TimeoutException: The operation was canceled. <- System.Threading.Tasks.TaskCanceledException: The request was canceled due to the configured HttpClient.Timeout of 30 seconds elapsing.
> quit "Servidor reiniciando (masterfonta)."
[ citizen-server-main] -> Quitting: Servidor reiniciando (masterfonta).

================================================================
======== FXServer Starting - 24/01/2022 14:58:06                
================================================================
[    c-scripting-core] Creating script environments for _cfx_internal
[ citizen-server-impl] Scanning resources.
[ citizen-server-impl] Found 21 resources.
[          svadhesive] Authenticating server license key...
[          svadhesive] Server license key authentication succeeded. Welcome!
[    c-scripting-core] Creating script environments for sessionmanager
[ citizen-server-impl] Started resource sessionmanager
[    c-scripting-core] Creating script environments for monitor
[      script:monitor] [txAdminClient] Version 4.11.0 starting...
[ citizen-server-impl] Started resource monitor
[    c-scripting-core] Creating script environments for mapmanager
[ citizen-server-impl] Started resource mapmanager
[    c-scripting-core] Creating script environments for yarn
[38;5;73m[ citizen-server-impl] Started resource yarn
[    c-scripting-core] Creating script environments for webpack
[ citizen-server-impl] Started resource webpack
[    c-scripting-core] Creating script environments for chat
[38;5;73m[ citizen-server-impl] Started resource chat
[   script:mapmanager] Started gametype Freeroam
[ citizen-server-impl] Started resource basic-gamemode
[ citizen-server-impl] Started resource fivem
[ citizen-server-impl] Couldn't find resource exemple-loadscreen.
[38;5;73m[ citizen-server-impl] Started resource spawnmanager
[    c-scripting-core] Creating script environments for hardcap
[ citizen-server-impl] Started resource hardcap
[    c-scripting-core] Creating script environments for runcode
[ citizen-server-impl] Started resource runcode
[    c-scripting-core] Creating script environments for rconlog
[ citizen-server-impl] Started resource rconlog
[   script:mapmanager] Started map fivem-map-hipster
[ citizen-server-impl] Started resource fivem-map-hipster
[   script:mapmanager] Changing map from fivem-map-hipster to fivem-map-skater
[ citizen-server-impl] Stopping resource fivem-map-hipster
[38;5;154m[   script:mapmanager] Started map fivem-map-skater
[ citizen-server-impl] Started resource fivem-map-skater
[      script:monitor] [txAdminClient] Threads and commands set up. All Ready.
[ citizen-server-impl]         fff                          
[ citizen-server-impl]   cccc ff   xx  xx     rr rr    eee  
[ citizen-server-impl] cc     ffff   xx       rrr  r ee   e 
[ citizen-server-impl] cc     ff     xx   ... rr     eeeee  
[ citizen-server-impl]  ccccc ff   xx  xx ... rr      eeeee 
[ citizen-server-impl]                                      
[ citizen-server-impl] Authenticated with cfx.re Nucleus: https://masterfonta-l5m7r7.users.cfx.re/
[38;5;73m[ citizen-server-impl] -- [server notice: tebex_not_set]
[ citizen-server-impl] ================
[ citizen-server-impl] Monetize your server using Tebex! Visit https://tebex.io/fivem for more info.
[ citizen-server-impl] ================
[ citizen-server-impl] 
> txaReportResources
[      script:monitor] [txAdminClient] Sending resources list to txAdmin.
> ensure "example-loadscreen"
[ citizen-server-impl] Started resource example-loadscreen
> txaReportResources
[      script:monitor] [txAdminClient] Sending resources list to txAdmin.
> quit "Servidor reiniciando (masterfonta)."
[ citizen-server-main] -> Quitting: Servidor reiniciando (masterfonta).

================================================================
======== FXServer Starting - 24/01/2022 14:58:44                
================================================================
[    c-scripting-core] Creating script environments for _cfx_internal
[ citizen-server-impl] [32mScanning resources.
[ citizen-server-impl] Found 21 resources.
[          svadhesive] Authenticating server license key...
[          svadhesive] Server license key authentication succeeded. Welcome!
[    c-scripting-core] Creating script environments for sessionmanager
[ citizen-server-impl] Started resource sessionmanager
[    c-scripting-core] Creating script environments for monitor
[      script:monitor] [txAdminClient] Version 4.11.0 starting...
[ citizen-server-impl] Started resource monitor
[    c-scripting-core] Creating script environments for mapmanager
[ citizen-server-impl] Started resource mapmanager
[    c-scripting-core] Creating script environments for yarn
[ citizen-server-impl] Started resource yarn
[    c-scripting-core] Creating script environments for webpack
[ citizen-server-impl] Started resource webpack
[    c-scripting-core] Creating script environments for chat
[38;5;73m[ citizen-server-impl] Started resource chat
[38;5;154m[   script:mapmanager] Started gametype Freeroam
[ citizen-server-impl] Started resource basic-gamemode
[ citizen-server-impl] Started resource fivem
[ citizen-server-impl] Started resource example-loadscreen
[ citizen-server-impl] Started resource spawnmanager
[    c-scripting-core] Creating script environments for hardcap
[ citizen-server-impl] Started resource hardcap
[    c-scripting-core] Creating script environments for runcode
[ citizen-server-impl] Started resource runcode
[    c-scripting-core] Creating script environments for rconlog
[ citizen-server-impl] Started resource rconlog
[   script:mapmanager] Started map fivem-map-hipster
[ citizen-server-impl] Started resource fivem-map-hipster
[   script:mapmanager] Changing map from fivem-map-hipster to fivem-map-skater
[ citizen-server-impl] Stopping resource fivem-map-hipster
[   script:mapmanager] Started map fivem-map-skater
[ citizen-server-impl] Started resource fivem-map-skater
[      script:monitor] [txAdminClient] Threads and commands set up. All Ready.
[38;5;73m[ citizen-server-impl]         fff                          
[ citizen-server-impl]   cccc ff   xx  xx     rr rr    eee  
[ citizen-server-impl] cc     ffff   xx       rrr  r ee   e 
[ citizen-server-impl] cc     ff     xx   ... rr     eeeee  
[ citizen-server-impl]  ccccc ff   xx  xx ... rr      eeeee 
[ citizen-server-impl]                                      
[ citizen-server-impl] Authenticated with cfx.re Nucleus: https://masterfonta-l5m7r7.users.cfx.re/
[ citizen-server-impl] [0m-- [server notice: tebex_not_set]
[ citizen-server-impl] ================
[38;5;73m[ citizen-server-impl] Monetize your server using Tebex! Visit https://tebex.io/fivem for more info.
[ citizen-server-impl] ================
[ citizen-server-impl] 
[ citizen-server-impl] sync thread hitch warning: timer interval of 134 milliseconds
[ citizen-server-impl] sync thread hitch warning: timer interval of 134 milliseconds
[ citizen-server-impl] sync thread hitch warning: timer interval of 102 milliseconds
[ citizen-server-impl] sync thread hitch warning: timer interval of 142 milliseconds
[ citizen-server-impl] server thread hitch warning: timer interval of 176 milliseconds
[ citizen-server-impl] sync thread hitch warning: timer interval of 101 milliseconds
[ citizen-server-impl] sync thread hitch warning: timer interval of 201 milliseconds
[ citizen-server-impl] network thread hitch warning: timer interval of 207 milliseconds
[ citizen-server-impl] server thread hitch warning: timer interval of 249 milliseconds
[ citizen-server-impl] sync thread hitch warning: timer interval of 151 milliseconds
[ citizen-server-impl] server thread hitch warning: timer interval of 160 milliseconds
[ citizen-server-impl] sync thread hitch warning: timer interval of 120 milliseconds
[ citizen-server-impl] server thread hitch warning: timer interval of 170 milliseconds
[ citizen-server-impl] server thread hitch warning: timer interval of 161 milliseconds
[ citizen-server-impl] server thread hitch warning: timer interval of 156 milliseconds
[ citizen-server-impl] sync thread hitch warning: timer interval of 118 milliseconds
[ citizen-server-impl] network thread hitch warning: timer interval of 191 milliseconds
[ citizen-server-impl] server thread hitch warning: timer interval of 196 milliseconds
[ citizen-server-impl] sync thread hitch warning: timer interval of 133 milliseconds
[ citizen-server-impl] server thread hitch warning: timer interval of 169 milliseconds
[38;5;73m[ citizen-server-impl] sync thread hitch warning: timer interval of 109 milliseconds
[ citizen-server-impl] server thread hitch warning: timer interval of 224 milliseconds
[ citizen-server-impl] sync thread hitch warning: timer interval of 189 milliseconds
[ citizen-server-impl] network thread hitch warning: timer interval of 189 milliseconds
[ citizen-server-impl] sync thread hitch warning: timer interval of 129 milliseconds
[ citizen-server-impl] sync thread hitch warning: timer interval of 152 milliseconds
[ citizen-server-impl] server thread hitch warning: timer interval of 185 milliseconds
[ citizen-server-impl] server thread hitch warning: timer interval of 172 milliseconds
[ citizen-server-impl] sync thread hitch warning: timer interval of 141 milliseconds
[ citizen-server-impl] sync thread hitch warning: timer interval of 170 milliseconds
[ citizen-server-impl] network thread hitch warning: timer interval of 170 milliseconds
[ citizen-server-impl] sync thread hitch warning: timer interval of 109 milliseconds
[ citizen-server-impl] sync thread hitch warning: timer interval of 145 milliseconds
[ citizen-server-impl] server thread hitch warning: timer interval of 208 milliseconds
[ citizen-server-impl] network thread hitch warning: timer interval of 165 milliseconds
[ citizen-server-impl] sync thread hitch warning: timer interval of 111 milliseconds
[ citizen-server-impl] sync thread hitch warning: timer interval of 105 milliseconds
[ citizen-server-impl] server thread hitch warning: timer interval of 167 milliseconds
[ citizen-server-impl] sync thread hitch warning: timer interval of 128 milliseconds
[ citizen-server-impl] network thread hitch warning: timer interval of 170 milliseconds
[ citizen-server-impl] sync thread hitch warning: timer interval of 128 milliseconds
[ citizen-server-impl] server thread hitch warning: timer interval of 224 milliseconds
[ citizen-server-impl] network thread hitch warning: timer interval of 199 milliseconds
[ citizen-server-impl] sync thread hitch warning: timer interval of 152 milliseconds
[ citizen-server-impl] server thread hitch warning: timer interval of 209 milliseconds
[ citizen-server-impl] network thread hitch warning: timer interval of 168 milliseconds
[ citizen-server-impl] sync thread hitch warning: timer interval of 157 milliseconds
[ citizen-server-impl] server thread hitch warning: timer interval of 152 milliseconds
[ citizen-server-impl] sync thread hitch warning: timer interval of 108 milliseconds
[ citizen-server-impl] sync thread hitch warning: timer interval of 102 milliseconds
[ citizen-server-impl] sync thread hitch warning: timer interval of 225 milliseconds
[ citizen-server-impl] server thread hitch warning: timer interval of 281 milliseconds
[ citizen-server-impl] sync thread hitch warning: timer interval of 120 milliseconds
[ citizen-server-impl] sync thread hitch warning: timer interval of 121 milliseconds
[ citizen-server-impl] server thread hitch warning: timer interval of 169 milliseconds
[ citizen-server-impl] sync thread hitch warning: timer interval of 288 milliseconds
[ citizen-server-impl] server thread hitch warning: timer interval of 282 milliseconds
[ citizen-server-impl] sync thread hitch warning: timer interval of 369 milliseconds
[ citizen-server-impl] server thread hitch warning: timer interval of 398 milliseconds
[ citizen-server-impl] sync thread hitch warning: timer interval of 194 milliseconds
[ citizen-server-impl] server thread hitch warning: timer interval of 170 milliseconds
[ citizen-server-impl] sync thread hitch warning: timer interval of 169 milliseconds
[ citizen-server-impl] server thread hitch warning: timer interval of 197 milliseconds
[ citizen-server-impl] sync thread hitch warning: timer interval of 138 milliseconds
[ citizen-server-impl] server thread hitch warning: timer interval of 169 milliseconds
[ citizen-server-impl] server thread hitch warning: timer interval of 199 milliseconds
[ citizen-server-impl] sync thread hitch warning: timer interval of 141 milliseconds
[ citizen-server-impl] sync thread hitch warning: timer interval of 314 milliseconds
[ citizen-server-impl] server thread hitch warning: timer interval of 338 milliseconds
[ citizen-server-impl] sync thread hitch warning: timer interval of 200 milliseconds
[ citizen-server-impl] server thread hitch warning: timer interval of 238 milliseconds
[ citizen-server-impl] server thread hitch warning: timer interval of 205 milliseconds
[ citizen-server-impl] sync thread hitch warning: timer interval of 152 milliseconds
[ citizen-server-impl] server thread hitch warning: timer interval of 435 milliseconds
[ citizen-server-impl] sync thread hitch warning: timer interval of 366 milliseconds
[ citizen-server-impl] sync thread hitch warning: timer interval of 107 milliseconds
[ citizen-server-impl] server thread hitch warning: timer interval of 186 milliseconds
[ citizen-server-impl] sync thread hitch warning: timer interval of 230 milliseconds
[ citizen-server-impl] server thread hitch warning: timer interval of 662 milliseconds
[ citizen-server-impl] sync thread hitch warning: timer interval of 660 milliseconds
[ citizen-server-impl] server thread hitch warning: timer interval of 317 milliseconds
[ citizen-server-impl] sync thread hitch warning: timer interval of 145 milliseconds
[ citizen-server-impl] sync thread hitch warning: timer interval of 125 milliseconds
[ citizen-server-impl] sync thread hitch warning: timer interval of 320 milliseconds
[38;5;73m[ citizen-server-impl] server thread hitch warning: timer interval of 321 milliseconds
[ citizen-server-impl] sync thread hitch warning: timer interval of 150 milliseconds
[ citizen-server-impl] server thread hitch warning: timer interval of 180 milliseconds
[ citizen-server-impl] sync thread hitch warning: timer interval of 380 milliseconds
[ citizen-server-impl] server thread hitch warning: timer interval of 351 milliseconds
[ citizen-server-impl] sync thread hitch warning: timer interval of 340 milliseconds
[ citizen-server-impl] server thread hitch warning: timer interval of 385 milliseconds
[ citizen-server-impl] sync thread hitch warning: timer interval of 184 milliseconds
[ citizen-server-impl] server thread hitch warning: timer interval of 155 milliseconds
[ citizen-server-impl] sync thread hitch warning: timer interval of 316 milliseconds
[ citizen-server-impl] server thread hitch warning: timer interval of 340 milliseconds
[ citizen-server-impl] sync thread hitch warning: timer interval of 231 milliseconds
[ citizen-server-impl] server thread hitch warning: timer interval of 215 milliseconds
[ citizen-server-impl] sync thread hitch warning: timer interval of 209 milliseconds
[ citizen-server-impl] server thread hitch warning: timer interval of 215 milliseconds
[ citizen-server-impl] sync thread hitch warning: timer interval of 831 milliseconds
[ citizen-server-impl] server thread hitch warning: timer interval of 857 milliseconds
[ citizen-server-impl] sync thread hitch warning: timer interval of 235 milliseconds
[ citizen-server-impl] server thread hitch warning: timer interval of 446 milliseconds
[ citizen-server-impl] sync thread hitch warning: timer interval of 342 milliseconds
[ citizen-server-impl] server thread hitch warning: timer interval of 288 milliseconds
[ citizen-server-impl] sync thread hitch warning: timer interval of 223 milliseconds
[ citizen-server-impl] sync thread hitch warning: timer interval of 283 milliseconds
[ citizen-server-impl] server thread hitch warning: timer interval of 470 milliseconds
[ citizen-server-impl] sync thread hitch warning: timer interval of 337 milliseconds
[ citizen-server-impl] server thread hitch warning: timer interval of 315 milliseconds
[ citizen-server-impl] sync thread hitch warning: timer interval of 371 milliseconds
[ citizen-server-impl] server thread hitch warning: timer interval of 319 milliseconds
[ citizen-server-impl] sync thread hitch warning: timer interval of 212 milliseconds
[ citizen-server-impl] server thread hitch warning: timer interval of 250 milliseconds
[ citizen-server-impl] sync thread hitch warning: timer interval of 235 milliseconds
[ citizen-server-impl] server thread hitch warning: timer interval of 250 milliseconds
[ citizen-server-impl] sync thread hitch warning: timer interval of 214 milliseconds
[ citizen-server-impl] sync thread hitch warning: timer interval of 253 milliseconds
[ citizen-server-impl] server thread hitch warning: timer interval of 265 milliseconds
[ citizen-server-impl] sync thread hitch warning: timer interval of 198 milliseconds
[ citizen-server-impl] server thread hitch warning: timer interval of 197 milliseconds
[ citizen-server-impl] sync thread hitch warning: timer interval of 105 milliseconds
[ citizen-server-impl] server thread hitch warning: timer interval of 329 milliseconds
[ citizen-server-impl] sync thread hitch warning: timer interval of 261 milliseconds
[ citizen-server-impl] sync thread hitch warning: timer interval of 155 milliseconds
[ citizen-server-impl] server thread hitch warning: timer interval of 211 milliseconds
[ citizen-server-impl] server thread hitch warning: timer interval of 206 milliseconds
[ citizen-server-impl] sync thread hitch warning: timer interval of 151 milliseconds
[ citizen-server-impl] sync thread hitch warning: timer interval of 146 milliseconds
[ citizen-server-impl] server thread hitch warning: timer interval of 151 milliseconds
[ citizen-server-impl] sync thread hitch warning: timer interval of 220 milliseconds
[ citizen-server-impl] server thread hitch warning: timer interval of 232 milliseconds
[ citizen-server-impl] sync thread hitch warning: timer interval of 131 milliseconds
[ citizen-server-impl] sync thread hitch warning: timer interval of 183 milliseconds
[ citizen-server-impl] server thread hitch warning: timer interval of 236 milliseconds
[ citizen-server-impl] sync thread hitch warning: timer interval of 117 milliseconds
[ citizen-server-impl] server thread hitch warning: timer interval of 170 milliseconds
[ citizen-server-impl] sync thread hitch warning: timer interval of 129 milliseconds
[ citizen-server-impl] sync thread hitch warning: timer interval of 670 milliseconds
[ citizen-server-impl] server thread hitch warning: timer interval of 682 milliseconds
[ citizen-server-impl] sync thread hitch warning: timer interval of 396 milliseconds
[ citizen-server-impl] server thread hitch warning: timer interval of 398 milliseconds
[ citizen-server-impl] sync thread hitch warning: timer interval of 302 milliseconds
[ citizen-server-impl] server thread hitch warning: timer interval of 299 milliseconds
[ citizen-server-impl] server thread hitch warning: timer interval of 218 milliseconds
[ citizen-server-impl] sync thread hitch warning: timer interval of 153 milliseconds
[ citizen-server-impl] sync thread hitch warning: timer interval of 364 milliseconds
[ citizen-server-impl] server thread hitch warning: timer interval of 371 milliseconds
[ citizen-server-impl] sync thread hitch warning: timer interval of 299 milliseconds
[ citizen-server-impl] server thread hitch warning: timer interval of 328 milliseconds
[ citizen-server-impl] server thread hitch warning: timer interval of 330 milliseconds
[ citizen-server-impl] sync thread hitch warning: timer interval of 291 milliseconds
[ citizen-server-impl] sync thread hitch warning: timer interval of 130 milliseconds
[ citizen-server-impl] sync thread hitch warning: timer interval of 274 milliseconds
[ citizen-server-impl] server thread hitch warning: timer interval of 417 milliseconds
[ citizen-server-impl] sync thread hitch warning: timer interval of 192 milliseconds
[ citizen-server-impl] server thread hitch warning: timer interval of 179 milliseconds
[ citizen-server-impl] sync thread hitch warning: timer interval of 101 milliseconds
[ citizen-server-impl] sync thread hitch warning: timer interval of 154 milliseconds
[ citizen-server-impl] server thread hitch warning: timer interval of 169 milliseconds
[ citizen-server-impl] sync thread hitch warning: timer interval of 128 milliseconds
[ citizen-server-impl] server thread hitch warning: timer interval of 196 milliseconds
[ citizen-server-impl] sync thread hitch warning: timer interval of 107 milliseconds
[ citizen-server-impl] sync thread hitch warning: timer interval of 132 milliseconds
[ citizen-server-impl] server thread hitch warning: timer interval of 151 milliseconds
[ citizen-server-impl] sync thread hitch warning: timer interval of 147 milliseconds
[ citizen-server-impl] server thread hitch warning: timer interval of 180 milliseconds
[ citizen-server-impl] server thread hitch warning: timer interval of 201 milliseconds
[ citizen-server-impl] sync thread hitch warning: timer interval of 172 milliseconds
[ citizen-server-impl] sync thread hitch warning: timer interval of 450 milliseconds
[ citizen-server-impl] server thread hitch warning: timer interval of 481 milliseconds
[ citizen-server-impl] sync thread hitch warning: timer interval of 330 milliseconds
[ citizen-server-impl] server thread hitch warning: timer interval of 335 milliseconds
[ citizen-server-impl] sync thread hitch warning: timer interval of 180 milliseconds
[ citizen-server-impl] server thread hitch warning: timer interval of 179 milliseconds
[ citizen-server-impl] sync thread hitch warning: timer interval of 202 milliseconds
[ citizen-server-impl] server thread hitch warning: timer interval of 249 milliseconds
[ citizen-server-impl] sync thread hitch warning: timer interval of 348 milliseconds
[ citizen-server-impl] server thread hitch warning: timer interval of 303 milliseconds
[ citizen-server-impl] sync thread hitch warning: timer interval of 138 milliseconds
[ citizen-server-impl] sync thread hitch warning: timer interval of 123 milliseconds
[ citizen-server-impl] sync thread hitch warning: timer interval of 103 milliseconds
[ citizen-server-impl] server thread hitch warning: timer interval of 161 milliseconds
[ citizen-server-impl] server thread hitch warning: timer interval of 282 milliseconds
[ citizen-server-impl] sync thread hitch warning: timer interval of 300 milliseconds
[ citizen-server-impl] sync thread hitch warning: timer interval of 268 milliseconds
[ citizen-server-impl] server thread hitch warning: timer interval of 280 milliseconds
[ citizen-server-impl] sync thread hitch warning: timer interval of 236 milliseconds
[ citizen-server-impl] server thread hitch warning: timer interval of 289 milliseconds
[ citizen-server-impl] sync thread hitch warning: timer interval of 501 milliseconds
[ citizen-server-impl] server thread hitch warning: timer interval of 460 milliseconds
[ citizen-server-impl] sync thread hitch warning: timer interval of 107 milliseconds
[ citizen-server-impl] sync thread hitch warning: timer interval of 410 milliseconds
[ citizen-server-impl] server thread hitch warning: timer interval of 482 milliseconds
[ citizen-server-impl] sync thread hitch warning: timer interval of 141 milliseconds
[ citizen-server-impl] server thread hitch warning: timer interval of 369 milliseconds
[ citizen-server-impl] sync thread hitch warning: timer interval of 291 milliseconds
[ citizen-server-impl] sync thread hitch warning: timer interval of 188 milliseconds
[ citizen-server-impl] server thread hitch warning: timer interval of 218 milliseconds
[ citizen-server-impl] sync thread hitch warning: timer interval of 351 milliseconds
[ citizen-server-impl] server thread hitch warning: timer interval of 401 milliseconds
[ citizen-server-impl] sync thread hitch warning: timer interval of 248 milliseconds
[ citizen-server-impl] server thread hitch warning: timer interval of 219 milliseconds
[ citizen-server-impl] sync thread hitch warning: timer interval of 131 milliseconds
[ citizen-server-impl] server thread hitch warning: timer interval of 208 milliseconds
[ citizen-server-impl] server thread hitch warning: timer interval of 156 milliseconds
[ citizen-server-impl] sync thread hitch warning: timer interval of 119 milliseconds
[ citizen-server-impl] server thread hitch warning: timer interval of 185 milliseconds
[ citizen-server-impl] sync thread hitch warning: timer interval of 115 milliseconds
[ citizen-server-impl] sync thread hitch warning: timer interval of 139 milliseconds
[ citizen-server-impl] server thread hitch warning: timer interval of 182 milliseconds
[ citizen-server-impl] sync thread hitch warning: timer interval of 300 milliseconds
[ citizen-server-impl] server thread hitch warning: timer interval of 324 milliseconds
[ citizen-server-impl] sync thread hitch warning: timer interval of 152 milliseconds
[ citizen-server-impl] server thread hitch warning: timer interval of 245 milliseconds
[ citizen-server-impl] sync thread hitch warning: timer interval of 431 milliseconds
[ citizen-server-impl] server thread hitch warning: timer interval of 385 milliseconds
[ citizen-server-impl] sync thread hitch warning: timer interval of 103 milliseconds
[ citizen-server-impl] sync thread hitch warning: timer interval of 225 milliseconds
[ citizen-server-impl] server thread hitch warning: timer interval of 259 milliseconds
[ citizen-server-impl] server thread hitch warning: timer interval of 154 milliseconds
[ citizen-server-impl] sync thread hitch warning: timer interval of 243 milliseconds
[ citizen-server-impl] server thread hitch warning: timer interval of 250 milliseconds
[ citizen-server-impl] sync thread hitch warning: timer interval of 157 milliseconds
[ citizen-server-impl] server thread hitch warning: timer interval of 161 milliseconds
[ citizen-server-impl] sync thread hitch warning: timer interval of 172 milliseconds
[ citizen-server-impl] server thread hitch warning: timer interval of 190 milliseconds
[ citizen-server-impl] sync thread hitch warning: timer interval of 188 milliseconds
[ citizen-server-impl] server thread hitch warning: timer interval of 200 milliseconds
[ citizen-server-impl] sync thread hitch warning: timer interval of 146 milliseconds
[ citizen-server-impl] server thread hitch warning: timer interval of 170 milliseconds
[ citizen-server-impl] server thread hitch warning: timer interval of 200 milliseconds
[ citizen-server-impl] sync thread hitch warning: timer interval of 149 milliseconds
[ citizen-server-impl] sync thread hitch warning: timer interval of 181 milliseconds
[ citizen-server-impl] server thread hitch warning: timer interval of 210 milliseconds
[ citizen-server-impl] sync thread hitch warning: timer interval of 150 milliseconds
[ citizen-server-impl] server thread hitch warning: timer interval of 176 milliseconds
[ citizen-server-impl] sync thread hitch warning: timer interval of 133 milliseconds
[ citizen-server-impl] sync thread hitch warning: timer interval of 103 milliseconds
[ citizen-server-impl] sync thread hitch warning: timer interval of 122 milliseconds
[ citizen-server-impl] server thread hitch warning: timer interval of 161 milliseconds
[ citizen-server-impl] sync thread hitch warning: timer interval of 101 milliseconds
[ citizen-server-impl] sync thread hitch warning: timer interval of 271 milliseconds
[ citizen-server-impl] server thread hitch warning: timer interval of 326 milliseconds
[ citizen-server-impl] sync thread hitch warning: timer interval of 231 milliseconds
[ citizen-server-impl] server thread hitch warning: timer interval of 349 milliseconds
[ citizen-server-impl] sync thread hitch warning: timer interval of 269 milliseconds
[ citizen-server-impl] sync thread hitch warning: timer interval of 246 milliseconds
[ citizen-server-impl] server thread hitch warning: timer interval of 257 milliseconds
[ citizen-server-impl] sync thread hitch warning: timer interval of 109 milliseconds
[ citizen-server-impl] server thread hitch warning: timer interval of 170 milliseconds
[ citizen-server-impl] sync thread hitch warning: timer interval of 117 milliseconds
[ citizen-server-impl] sync thread hitch warning: timer interval of 152 milliseconds
[ citizen-server-impl] server thread hitch warning: timer interval of 184 milliseconds
[ citizen-server-impl] server thread hitch warning: timer interval of 160 milliseconds
[ citizen-server-impl] server thread hitch warning: timer interval of 304 milliseconds
[ citizen-server-impl] sync thread hitch warning: timer interval of 207 milliseconds
[ citizen-server-impl] sync thread hitch warning: timer interval of 118 milliseconds
[ citizen-server-impl] server thread hitch warning: timer interval of 157 milliseconds
[ citizen-server-impl] sync thread hitch warning: timer interval of 158 milliseconds
[ citizen-server-impl] server thread hitch warning: timer interval of 175 milliseconds
[ citizen-server-impl] sync thread hitch warning: timer interval of 236 milliseconds
[ citizen-server-impl] server thread hitch warning: timer interval of 250 milliseconds
[ citizen-server-impl] sync thread hitch warning: timer interval of 125 milliseconds
[ citizen-server-impl] server thread hitch warning: timer interval of 209 milliseconds
[ citizen-server-impl] sync thread hitch warning: timer interval of 170 milliseconds
[ citizen-server-impl] sync thread hitch warning: timer interval of 176 milliseconds
[ citizen-server-impl] server thread hitch warning: timer interval of 224 milliseconds
[ citizen-server-impl] server thread hitch warning: timer interval of 238 milliseconds
[ citizen-server-impl] sync thread hitch warning: timer interval of 190 milliseconds
[ citizen-server-impl] sync thread hitch warning: timer interval of 105 milliseconds
[ citizen-server-impl] sync thread hitch warning: timer interval of 165 milliseconds
[ citizen-server-impl] server thread hitch warning: timer interval of 178 milliseconds
[38;5;73m[ citizen-server-impl] sync thread hitch warning: timer interval of 110 milliseconds
[ citizen-server-impl] server thread hitch warning: timer interval of 160 milliseconds
[ citizen-server-impl] sync thread hitch warning: timer interval of 231 milliseconds
[ citizen-server-impl] server thread hitch warning: timer interval of 285 milliseconds
[ citizen-server-impl] sync thread hitch warning: timer interval of 108 milliseconds
[ citizen-server-impl] server thread hitch warning: timer interval of 198 milliseconds
[ citizen-server-impl] sync thread hitch warning: timer interval of 130 milliseconds
[ citizen-server-impl] sync thread hitch warning: timer interval of 102 milliseconds
[ citizen-server-impl] server thread hitch warning: timer interval of 197 milliseconds
[ citizen-server-impl] server thread hitch warning: timer interval of 239 milliseconds
[ citizen-server-impl] sync thread hitch warning: timer interval of 200 milliseconds
[ citizen-server-impl] sync thread hitch warning: timer interval of 149 milliseconds
[ citizen-server-impl] server thread hitch warning: timer interval of 197 milliseconds
[ citizen-server-impl] sync thread hitch warning: timer interval of 194 milliseconds
[ citizen-server-impl] server thread hitch warning: timer interval of 239 milliseconds
[ citizen-server-impl] server thread hitch warning: timer interval of 152 milliseconds
[ citizen-server-impl] sync thread hitch warning: timer interval of 127 milliseconds
[ citizen-server-impl] server thread hitch warning: timer interval of 164 milliseconds
[ citizen-server-impl] sync thread hitch warning: timer interval of 103 milliseconds
[ citizen-server-impl] server thread hitch warning: timer interval of 180 milliseconds
[ citizen-server-impl] sync thread hitch warning: timer interval of 172 milliseconds
[ citizen-server-impl] server thread hitch warning: timer interval of 548 milliseconds
[ citizen-server-impl] sync thread hitch warning: timer interval of 476 milliseconds
[ citizen-server-impl] sync thread hitch warning: timer interval of 151 milliseconds
[ citizen-server-impl] server thread hitch warning: timer interval of 179 milliseconds
[ citizen-server-impl] sync thread hitch warning: timer interval of 291 milliseconds
[ citizen-server-impl] server thread hitch warning: timer interval of 387 milliseconds
[ citizen-server-impl] sync thread hitch warning: timer interval of 489 milliseconds
[ citizen-server-impl] server thread hitch warning: timer interval of 421 milliseconds
[ citizen-server-impl] sync thread hitch warning: timer interval of 181 milliseconds
[ citizen-server-impl] server thread hitch warning: timer interval of 353 milliseconds
[ citizen-server-impl] server thread hitch warning: timer interval of 547 milliseconds
[ citizen-server-impl] server thread hitch warning: timer interval of 267 milliseconds
[ citizen-server-impl] server thread hitch warning: timer interval of 339 milliseconds
[ citizen-server-impl] server thread hitch warning: timer interval of 360 milliseconds
[ citizen-server-impl] server thread hitch warning: timer interval of 262 milliseconds
[ citizen-server-impl] server thread hitch warning: timer interval of 547 milliseconds
[ citizen-server-impl] server thread hitch warning: timer interval of 371 milliseconds
[ citizen-server-impl] server thread hitch warning: timer interval of 471 milliseconds
[ citizen-server-impl] server thread hitch warning: timer interval of 165 milliseconds
[ citizen-server-impl] server thread hitch warning: timer interval of 171 milliseconds
[ citizen-server-impl] server thread hitch warning: timer interval of 334 milliseconds
[ citizen-server-impl] server thread hitch warning: timer interval of 268 milliseconds
[ citizen-server-impl] server thread hitch warning: timer interval of 203 milliseconds
[ citizen-server-impl] sync thread hitch warning: timer interval of 103 milliseconds
> txaReportResources
[      script:monitor] [txAdminClient] Sending resources list to txAdmin.
[ citizen-server-main] -> Quitting: SIGHUP received
